/*C12*/SET SCHEMA PUBLIC
DELETE FROM DATABASECHANGELOGLOCK WHERE ID=1
INSERT INTO DATABASECHANGELOGLOCK VALUES(1,TRUE,'2021-03-13 10:58:11.509000','Lacko (192.168.56.1)')
COMMIT
DELETE FROM DATABASECHANGELOGLOCK WHERE ID=1
INSERT INTO DATABASECHANGELOGLOCK VALUES(1,FALSE,NULL,NULL)
COMMIT
INSERT INTO ATLASSIAN_HOST VALUES('f5e9e895-06c1-3e08-b7b8-305c68c3a63f','MIGfMA0GCSqGSIb3DQEBAQUAA4GNADCBiQKBgQDSkH9WDwUEmcH5hT8zuFHKvr3FpkM24s/NsQWLof/SSsUKLiq4KAqePr1Igmu2CAOPZeC36QNoZAL/nG47rIVIZKhPYbg+GlmBA/DSJA1w2AwvILkjyAh+oILSFMntfHhvumMyGedC/tTFyWeiaM0dur0qSghaeUUTHQSn+ZJDLQIDAQAB','puqasrreVX6oVDCed6wUj/bIlQRYeolLbQM03r8LLAa9Tv7bXKaY7IGH+h2E5WixmVQNjIwXtSpkwzpqJ23RaA','https://cgirolnik.atlassian.net','jira','Atlassian JIRA at https://cgirolnik.atlassian.net ',NULL,TRUE,'2021-03-13 10:58:39.254000','2021-03-13 10:58:39.254000',NULL,NULL,NULL)
COMMIT
DISCONNECT
/*C13*/SET SCHEMA PUBLIC
DISCONNECT
/*C14*/SET SCHEMA PUBLIC
DISCONNECT
/*C15*/SET SCHEMA PUBLIC
DISCONNECT
/*C16*/SET SCHEMA PUBLIC
DISCONNECT
/*C17*/SET SCHEMA PUBLIC
DISCONNECT
/*C18*/SET SCHEMA PUBLIC
DISCONNECT
/*C19*/SET SCHEMA PUBLIC
DISCONNECT
/*C20*/SET SCHEMA PUBLIC
DISCONNECT
/*C21*/SET SCHEMA PUBLIC
DISCONNECT
